0 info it worked if it ends with ok
1 verbose cli [ 'node', '/usr/local/bin/npm', 'install', 'gitbook' ]
2 info using npm@3.8.3
3 info using node@v0.10.25
4 verbose node symlink /usr/bin/node
5 silly loadCurrentTree Starting
6 silly install loadCurrentTree
7 silly install readLocalPackageData
8 silly fetchPackageMetaData gitbook
9 silly fetchNamedPackageData gitbook
10 silly mapToRegistry name gitbook
11 silly mapToRegistry using default registry
12 silly mapToRegistry registry https://registry.npmjs.org/
13 silly mapToRegistry data { raw: 'gitbook',
13 silly mapToRegistry   scope: null,
13 silly mapToRegistry   name: 'gitbook',
13 silly mapToRegistry   rawSpec: '',
13 silly mapToRegistry   spec: 'latest',
13 silly mapToRegistry   type: 'tag' }
14 silly mapToRegistry uri https://registry.npmjs.org/gitbook
15 verbose request uri https://registry.npmjs.org/gitbook
16 verbose request no auth needed
17 info attempt registry request try #1 at 10:55:53
18 verbose request id 282da787c097fd0d
19 http request GET https://registry.npmjs.org/gitbook
20 http 200 https://registry.npmjs.org/gitbook
21 verbose headers { server: 'CouchDB/1.5.0 (Erlang OTP/R16B03)',
21 verbose headers   etag: '"EF7JKWR1C0GFPR6E2EYZCOSR8"',
21 verbose headers   'content-type': 'application/json',
21 verbose headers   'content-encoding': 'gzip',
21 verbose headers   'cache-control': 'max-age=300',
21 verbose headers   'content-length': '21626',
21 verbose headers   'accept-ranges': 'bytes',
21 verbose headers   date: 'Tue, 17 May 2016 14:55:53 GMT',
21 verbose headers   via: '1.1 varnish',
21 verbose headers   age: '0',
21 verbose headers   connection: 'keep-alive',
21 verbose headers   'x-served-by': 'cache-jfk1050-JFK',
21 verbose headers   'x-cache': 'HIT',
21 verbose headers   'x-cache-hits': '1',
21 verbose headers   'x-timer': 'S1463496953.417532,VS0,VE18',
21 verbose headers   vary: 'Accept-Encoding' }
22 silly get cb [ 200,
22 silly get   { server: 'CouchDB/1.5.0 (Erlang OTP/R16B03)',
22 silly get     etag: '"EF7JKWR1C0GFPR6E2EYZCOSR8"',
22 silly get     'content-type': 'application/json',
22 silly get     'content-encoding': 'gzip',
22 silly get     'cache-control': 'max-age=300',
22 silly get     'content-length': '21626',
22 silly get     'accept-ranges': 'bytes',
22 silly get     date: 'Tue, 17 May 2016 14:55:53 GMT',
22 silly get     via: '1.1 varnish',
22 silly get     age: '0',
22 silly get     connection: 'keep-alive',
22 silly get     'x-served-by': 'cache-jfk1050-JFK',
22 silly get     'x-cache': 'HIT',
22 silly get     'x-cache-hits': '1',
22 silly get     'x-timer': 'S1463496953.417532,VS0,VE18',
22 silly get     vary: 'Accept-Encoding' } ]
23 verbose get saving gitbook to /root/.npm/registry.npmjs.org/gitbook/.cache.json
24 verbose correctMkdir /root/.npm correctMkdir not in flight; initializing
25 silly install normalizeTree
26 silly loadCurrentTree Finishing
27 silly loadIdealTree Starting
28 silly install loadIdealTree
29 silly cloneCurrentTree Starting
30 silly install cloneCurrentTreeToIdealTree
31 silly cloneCurrentTree Finishing
32 silly loadShrinkwrap Starting
33 silly install loadShrinkwrap
34 silly loadShrinkwrap Finishing
35 silly loadAllDepsIntoIdealTree Starting
36 silly install loadAllDepsIntoIdealTree
37 silly rollbackFailedOptional Starting
38 silly rollbackFailedOptional Finishing
39 silly runTopLevelLifecycles Starting
40 silly runTopLevelLifecycles Finishing
41 silly install printInstalled
42 verbose stack Error: Refusing to install gitbook as a dependency of itself
42 verbose stack     at checkSelf (/usr/local/lib/node_modules/npm/lib/install/validate-args.js:53:14)
42 verbose stack     at Array.0 (/usr/local/lib/node_modules/npm/node_modules/slide/lib/bind-actor.js:15:8)
42 verbose stack     at LOOP (/usr/local/lib/node_modules/npm/node_modules/slide/lib/chain.js:15:14)
42 verbose stack     at chain (/usr/local/lib/node_modules/npm/node_modules/slide/lib/chain.js:20:5)
42 verbose stack     at /usr/local/lib/node_modules/npm/lib/install/validate-args.js:16:5
42 verbose stack     at /usr/local/lib/node_modules/npm/node_modules/slide/lib/async-map.js:52:35
42 verbose stack     at Array.forEach (native)
42 verbose stack     at /usr/local/lib/node_modules/npm/node_modules/slide/lib/async-map.js:52:11
42 verbose stack     at Array.forEach (native)
42 verbose stack     at asyncMap (/usr/local/lib/node_modules/npm/node_modules/slide/lib/async-map.js:51:8)
43 verbose cwd /home/lfmastudent/gitbook
44 error Linux 3.19.0-51-generic
45 error argv "node" "/usr/local/bin/npm" "install" "gitbook"
46 error node v0.10.25
47 error npm  v3.8.3
48 error code ENOSELF
49 error Refusing to install gitbook as a dependency of itself
50 error If you need help, you may report this error at:
50 error     <https://github.com/npm/npm/issues>
51 verbose exit [ 1, true ]
